<?xml version="1.0" encoding="UTF-8"?>
<!-- Generated by org.testng.reporters.JUnitXMLReporter -->
<testsuite ignored="0" hostname="PC-BSAphoto" failures="0" tests="4" name="Default test" time="0.015" errors="0" timestamp="09 Mar 2021 08:12:44 GMT">
  <testcase classname="com.Sample.core.BaseTest" name="@BeforeTest setInputSheetName" time="0.0">
    <failure type="org.testng.TestNGException" message="
Parameter &amp;apos;inputsheetname&amp;apos; is required by BeforeTest on method setInputSheetName but has not been marked @Optional or defined
in C:\Users\bryan\AppData\Local\Temp\testng-eclipse--8894550\testng-customsuite.xml">
      <![CDATA[org.testng.TestNGException: 
Parameter 'inputsheetname' is required by BeforeTest on method setInputSheetName but has not been marked @Optional or defined
in C:\Users\bryan\AppData\Local\Temp\testng-eclipse--8894550\testng-customsuite.xml
	at org.testng.internal.Parameters.createParameters(Parameters.java:199)
	at org.testng.internal.Parameters.createParameters(Parameters.java:443)
	at org.testng.internal.Parameters.createConfigurationParameters(Parameters.java:118)
	at org.testng.internal.Invoker.invokeConfigurations(Invoker.java:206)
	at org.testng.internal.Invoker.invokeConfigurations(Invoker.java:146)
	at org.testng.TestRunner.beforeRun(TestRunner.java:626)
	at org.testng.TestRunner.run(TestRunner.java:594)
	at org.testng.SuiteRunner.runTest(SuiteRunner.java:380)
	at org.testng.SuiteRunner.runSequentially(SuiteRunner.java:375)
	at org.testng.SuiteRunner.privateRun(SuiteRunner.java:340)
	at org.testng.SuiteRunner.run(SuiteRunner.java:289)
	at org.testng.SuiteRunnerWorker.runSuite(SuiteRunnerWorker.java:52)
	at org.testng.SuiteRunnerWorker.run(SuiteRunnerWorker.java:86)
	at org.testng.TestNG.runSuitesSequentially(TestNG.java:1301)
	at org.testng.TestNG.runSuitesLocally(TestNG.java:1226)
	at org.testng.TestNG.runSuites(TestNG.java:1144)
	at org.testng.TestNG.run(TestNG.java:1115)
	at org.testng.remote.AbstractRemoteTestNG.run(AbstractRemoteTestNG.java:115)
	at org.testng.remote.RemoteTestNG.initAndRun(RemoteTestNG.java:251)
	at org.testng.remote.RemoteTestNG.main(RemoteTestNG.java:77)
]]>
    </failure>
  </testcase> <!-- @BeforeTest setInputSheetName -->
  <testcase classname="com.Sample.core.BaseTest" name="@BeforeTest setUp" time="0.0">
    <skipped/>
  </testcase> <!-- @BeforeTest setUp -->
  <testcase classname="com.Sample.testobjects.SampleTest" name="AddToCart" time="0.0">
    <skipped/>
  </testcase> <!-- AddToCart -->
  <testcase classname="com.Sample.testobjects.SampleTest" name="blankEmailOrNumberLogIn" time="0.0">
    <skipped/>
  </testcase> <!-- blankEmailOrNumberLogIn -->
  <testcase classname="com.Sample.testobjects.SampleTest" name="logOut" time="0.0">
    <skipped/>
  </testcase> <!-- logOut -->
  <testcase classname="com.Sample.testobjects.SampleTest" name="successfulLogIn" time="0.0">
    <skipped/>
  </testcase> <!-- successfulLogIn -->
</testsuite> <!-- Default test -->
