<?xml version="1.0" encoding="UTF-8"?>
<!-- Generated by org.testng.reporters.JUnitXMLReporter -->
<testsuite ignored="48" hostname="ITSD-NB-029754" failures="4" tests="4" name="Misrouted Delivery" time="17.024" errors="0" timestamp="17 May 2023 05:41:02 GMT">
  <testcase classname="com.GSP.testobjects.GSPRegressionSuiteTest" name="invalidPasswordLogin" time="16.223">
    <failure type="org.openqa.selenium.NoSuchWindowException" message="no such window: target window already closed
from unknown error: web view not found
  (Session info: chrome=113.0.5672.92)
Build info: version: &amp;apos;3.141.59&amp;apos;, revision: &amp;apos;e82be7d358&amp;apos;, time: &amp;apos;2018-11-14T08:17:03&amp;apos;
System info: host: &amp;apos;ITSD-NB-029754&amp;apos;, ip: &amp;apos;192.168.126.160&amp;apos;, os.name: &amp;apos;Windows 10&amp;apos;, os.arch: &amp;apos;amd64&amp;apos;, os.version: &amp;apos;10.0&amp;apos;, java.version: &amp;apos;18.0.1.1&amp;apos;
Driver info: org.openqa.selenium.chrome.ChromeDriver
Capabilities {acceptInsecureCerts: true, browserName: chrome, browserVersion: 113.0.5672.92, chrome: {chromedriverVersion: 113.0.5672.63 (0e1a4471d5ae..., userDataDir: C:\Users\029754\AppData\Loc...}, goog:chromeOptions: {debuggerAddress: localhost:63631}, javascriptEnabled: true, networkConnectionEnabled: false, pageLoadStrategy: normal, platform: WINDOWS, platformName: WINDOWS, proxy: Proxy(), setWindowRect: true, strictFileInteractability: false, timeouts: {implicit: 0, pageLoad: 300000, script: 30000}, unhandledPromptBehavior: ignore, webauthn:extension:credBlob: true, webauthn:extension:largeBlob: true, webauthn:extension:minPinLength: true, webauthn:extension:prf: true, webauthn:virtualAuthenticators: true}
Session ID: 8339b090ccff4fa09471e2d08608b83a">
      <![CDATA[org.openqa.selenium.NoSuchWindowException: no such window: target window already closed
from unknown error: web view not found
  (Session info: chrome=113.0.5672.92)
Build info: version: '3.141.59', revision: 'e82be7d358', time: '2018-11-14T08:17:03'
System info: host: 'ITSD-NB-029754', ip: '192.168.126.160', os.name: 'Windows 10', os.arch: 'amd64', os.version: '10.0', java.version: '18.0.1.1'
Driver info: org.openqa.selenium.chrome.ChromeDriver
Capabilities {acceptInsecureCerts: true, browserName: chrome, browserVersion: 113.0.5672.92, chrome: {chromedriverVersion: 113.0.5672.63 (0e1a4471d5ae..., userDataDir: C:\Users\029754\AppData\Loc...}, goog:chromeOptions: {debuggerAddress: localhost:63631}, javascriptEnabled: true, networkConnectionEnabled: false, pageLoadStrategy: normal, platform: WINDOWS, platformName: WINDOWS, proxy: Proxy(), setWindowRect: true, strictFileInteractability: false, timeouts: {implicit: 0, pageLoad: 300000, script: 30000}, unhandledPromptBehavior: ignore, webauthn:extension:credBlob: true, webauthn:extension:largeBlob: true, webauthn:extension:minPinLength: true, webauthn:extension:prf: true, webauthn:virtualAuthenticators: true}
Session ID: 8339b090ccff4fa09471e2d08608b83a
	at org.openqa.selenium.remote.http.W3CHttpResponseCodec.createException(W3CHttpResponseCodec.java:187)
	at org.openqa.selenium.remote.http.W3CHttpResponseCodec.decode(W3CHttpResponseCodec.java:122)
	at org.openqa.selenium.remote.http.W3CHttpResponseCodec.decode(W3CHttpResponseCodec.java:49)
	at org.openqa.selenium.remote.HttpCommandExecutor.execute(HttpCommandExecutor.java:158)
	at org.openqa.selenium.remote.service.DriverCommandExecutor.execute(DriverCommandExecutor.java:83)
	at org.openqa.selenium.remote.RemoteWebDriver.execute(RemoteWebDriver.java:548)
	at org.openqa.selenium.remote.RemoteWebDriver.executeScript(RemoteWebDriver.java:485)
	at com.GABC.core.Browser.waitForBrowserToLoadCompletely(Browser.java:269)
	at com.GABC.core.BaseTest.navigate(BaseTest.java:228)
	at com.GSP.testobjects.GSPRegressionSuiteTest.invalidPasswordLogin(GSPRegressionSuiteTest.java:1928)
	at java.base/java.util.concurrent.FutureTask.run(FutureTask.java:264)
	at java.base/java.util.concurrent.ThreadPoolExecutor.runWorker(ThreadPoolExecutor.java:1136)
	at java.base/java.util.concurrent.ThreadPoolExecutor$Worker.run(ThreadPoolExecutor.java:635)
	at java.base/java.lang.Thread.run(Thread.java:833)
... Removed 17 stack frames]]>
    </failure>
  </testcase> <!-- invalidPasswordLogin -->
  <testcase classname="com.GSP.testobjects.GSPRegressionSuiteTest" name="successfulLogin" time="0.164">
    <failure type="java.lang.AssertionError" message="expected [pass] but found [fail]">
      <![CDATA[java.lang.AssertionError: expected [pass] but found [fail]
	at com.GSP.testobjects.GSPRegressionSuiteTest.successfulLogin(GSPRegressionSuiteTest.java:1972)
	at java.base/java.util.concurrent.FutureTask.run(FutureTask.java:264)
	at java.base/java.util.concurrent.ThreadPoolExecutor.runWorker(ThreadPoolExecutor.java:1136)
	at java.base/java.util.concurrent.ThreadPoolExecutor$Worker.run(ThreadPoolExecutor.java:635)
	at java.base/java.lang.Thread.run(Thread.java:833)
... Removed 19 stack frames]]>
    </failure>
  </testcase> <!-- successfulLogin -->
  <testcase classname="com.GSP.testobjects.GSPRegressionSuiteTest" name="cancelMRDRequest" time="0.044">
    <failure type="java.lang.AssertionError" message="expected [pass] but found [fail]">
      <![CDATA[java.lang.AssertionError: expected [pass] but found [fail]
	at com.GSP.testobjects.GSPRegressionSuiteTest.cancelMRDRequest(GSPRegressionSuiteTest.java:1155)
	at java.base/java.util.concurrent.FutureTask.run(FutureTask.java:264)
	at java.base/java.util.concurrent.ThreadPoolExecutor.runWorker(ThreadPoolExecutor.java:1136)
	at java.base/java.util.concurrent.ThreadPoolExecutor$Worker.run(ThreadPoolExecutor.java:635)
	at java.base/java.lang.Thread.run(Thread.java:833)
... Removed 19 stack frames]]>
    </failure>
  </testcase> <!-- cancelMRDRequest -->
  <testcase classname="com.GSP.testobjects.GSPRegressionSuiteTest" name="logOutGSP" time="0.01">
    <failure type="org.openqa.selenium.WebDriverException" message="disconnected: not connected to DevTools
  (failed to check if window was closed: disconnected: not connected to DevTools)
  (Session info: chrome=113.0.5672.92)
Build info: version: &amp;apos;3.141.59&amp;apos;, revision: &amp;apos;e82be7d358&amp;apos;, time: &amp;apos;2018-11-14T08:17:03&amp;apos;
System info: host: &amp;apos;ITSD-NB-029754&amp;apos;, ip: &amp;apos;192.168.126.160&amp;apos;, os.name: &amp;apos;Windows 10&amp;apos;, os.arch: &amp;apos;amd64&amp;apos;, os.version: &amp;apos;10.0&amp;apos;, java.version: &amp;apos;18.0.1.1&amp;apos;
Driver info: org.openqa.selenium.chrome.ChromeDriver
Capabilities {acceptInsecureCerts: true, browserName: chrome, browserVersion: 113.0.5672.92, chrome: {chromedriverVersion: 113.0.5672.63 (0e1a4471d5ae..., userDataDir: C:\Users\029754\AppData\Loc...}, goog:chromeOptions: {debuggerAddress: localhost:63631}, javascriptEnabled: true, networkConnectionEnabled: false, pageLoadStrategy: normal, platform: WINDOWS, platformName: WINDOWS, proxy: Proxy(), setWindowRect: true, strictFileInteractability: false, timeouts: {implicit: 0, pageLoad: 300000, script: 30000}, unhandledPromptBehavior: ignore, webauthn:extension:credBlob: true, webauthn:extension:largeBlob: true, webauthn:extension:minPinLength: true, webauthn:extension:prf: true, webauthn:virtualAuthenticators: true}
Session ID: 8339b090ccff4fa09471e2d08608b83a">
      <![CDATA[org.openqa.selenium.WebDriverException: disconnected: not connected to DevTools
  (failed to check if window was closed: disconnected: not connected to DevTools)
  (Session info: chrome=113.0.5672.92)
Build info: version: '3.141.59', revision: 'e82be7d358', time: '2018-11-14T08:17:03'
System info: host: 'ITSD-NB-029754', ip: '192.168.126.160', os.name: 'Windows 10', os.arch: 'amd64', os.version: '10.0', java.version: '18.0.1.1'
Driver info: org.openqa.selenium.chrome.ChromeDriver
Capabilities {acceptInsecureCerts: true, browserName: chrome, browserVersion: 113.0.5672.92, chrome: {chromedriverVersion: 113.0.5672.63 (0e1a4471d5ae..., userDataDir: C:\Users\029754\AppData\Loc...}, goog:chromeOptions: {debuggerAddress: localhost:63631}, javascriptEnabled: true, networkConnectionEnabled: false, pageLoadStrategy: normal, platform: WINDOWS, platformName: WINDOWS, proxy: Proxy(), setWindowRect: true, strictFileInteractability: false, timeouts: {implicit: 0, pageLoad: 300000, script: 30000}, unhandledPromptBehavior: ignore, webauthn:extension:credBlob: true, webauthn:extension:largeBlob: true, webauthn:extension:minPinLength: true, webauthn:extension:prf: true, webauthn:virtualAuthenticators: true}
Session ID: 8339b090ccff4fa09471e2d08608b83a
	at org.openqa.selenium.remote.http.W3CHttpResponseCodec.createException(W3CHttpResponseCodec.java:187)
	at org.openqa.selenium.remote.http.W3CHttpResponseCodec.decode(W3CHttpResponseCodec.java:122)
	at org.openqa.selenium.remote.http.W3CHttpResponseCodec.decode(W3CHttpResponseCodec.java:49)
	at org.openqa.selenium.remote.HttpCommandExecutor.execute(HttpCommandExecutor.java:158)
	at org.openqa.selenium.remote.service.DriverCommandExecutor.execute(DriverCommandExecutor.java:83)
	at org.openqa.selenium.remote.RemoteWebDriver.execute(RemoteWebDriver.java:548)
	at org.openqa.selenium.remote.RemoteWebDriver.execute(RemoteWebDriver.java:605)
	at org.openqa.selenium.remote.RemoteWebDriver.close(RemoteWebDriver.java:438)
	at com.GSP.testobjects.GSPRegressionSuiteTest.logOutGSP(GSPRegressionSuiteTest.java:1998)
	at java.base/java.util.concurrent.FutureTask.run(FutureTask.java:264)
	at java.base/java.util.concurrent.ThreadPoolExecutor.runWorker(ThreadPoolExecutor.java:1136)
	at java.base/java.util.concurrent.ThreadPoolExecutor$Worker.run(ThreadPoolExecutor.java:635)
	at java.base/java.lang.Thread.run(Thread.java:833)
... Removed 17 stack frames]]>
    </failure>
  </testcase> <!-- logOutGSP -->
  <testcase classname="com.GSP.testobjects.GSPRegressionSuiteTest" name="submitDeliveryConfirmation_good" time="0.0">
    <ignored/>
  </testcase> <!-- submitDeliveryConfirmation_good -->
  <testcase classname="com.GSP.testobjects.GSPRegressionSuiteTest" name="submitMRD_blankSSCCNumber" time="0.0">
    <ignored/>
  </testcase> <!-- submitMRD_blankSSCCNumber -->
  <testcase classname="com.GSP.testobjects.GSPRegressionSuiteTest" name="submitND_NDAlreadyExist" time="0.0">
    <ignored/>
  </testcase> <!-- submitND_NDAlreadyExist -->
  <testcase classname="com.GSP.testobjects.GSPRegressionSuiteTest" name="openTransMisroutedDelivery" time="0.0">
    <ignored/>
  </testcase> <!-- openTransMisroutedDelivery -->
  <testcase classname="com.GSP.testobjects.GSPRegressionSuiteTest" name="submitND_BarcodeEnteredBeforeDestinationSite" time="0.0">
    <ignored/>
  </testcase> <!-- submitND_BarcodeEnteredBeforeDestinationSite -->
  <testcase classname="com.GSP.testobjects.GSPRegressionSuiteTest" name="submitMRD_reuseCanceledSSCC" time="0.0">
    <ignored/>
  </testcase> <!-- submitMRD_reuseCanceledSSCC -->
  <testcase classname="com.GSP.testobjects.GSPRegressionSuiteTest" name="submitND_invalidSSCCMoreThan18Digit" time="0.0">
    <ignored/>
  </testcase> <!-- submitND_invalidSSCCMoreThan18Digit -->
  <testcase classname="com.GSP.testobjects.GSPRegressionSuiteTest" name="mrdSearchNoResult" time="0.0">
    <ignored/>
  </testcase> <!-- mrdSearchNoResult -->
  <testcase classname="com.GSP.testobjects.GSPRegressionSuiteTest" name="submitMRD_invalidSSCCMoreThan18Digit" time="0.0">
    <ignored/>
  </testcase> <!-- submitMRD_invalidSSCCMoreThan18Digit -->
  <testcase classname="com.GSP.testobjects.GSPRegressionSuiteTest" name="submitDeliveryConfirmation_zeroQuantity" time="0.0">
    <ignored/>
  </testcase> <!-- submitDeliveryConfirmation_zeroQuantity -->
  <testcase classname="com.GSP.testobjects.GSPRegressionSuiteTest" name="openTransDeliveries" time="0.0">
    <ignored/>
  </testcase> <!-- openTransDeliveries -->
  <testcase classname="com.GSP.testobjects.GSPRegressionSuiteTest" name="submitDeliveryConfirmation_tampered" time="0.0">
    <ignored/>
  </testcase> <!-- submitDeliveryConfirmation_tampered -->
  <testcase classname="com.GSP.testobjects.GSPRegressionSuiteTest" name="submitDeliveryConfirmation_blankRemarks" time="0.0">
    <ignored/>
  </testcase> <!-- submitDeliveryConfirmation_blankRemarks -->
  <testcase classname="com.GSP.testobjects.GSPRegressionSuiteTest" name="deliveriesSearchWithResult" time="0.0">
    <ignored/>
  </testcase> <!-- deliveriesSearchWithResult -->
  <testcase classname="com.GSP.testobjects.GSPRegressionSuiteTest" name="submitND_emptyBarCode" time="0.0">
    <ignored/>
  </testcase> <!-- submitND_emptyBarCode -->
  <testcase classname="com.GSP.testobjects.GSPRegressionSuiteTest" name="deliveriesSearchNoResult" time="0.0">
    <ignored/>
  </testcase> <!-- deliveriesSearchNoResult -->
  <testcase classname="com.GSP.testobjects.GSPRegressionSuiteTest" name="submitND_reuseCanceledSSCC" time="0.0">
    <ignored/>
  </testcase> <!-- submitND_reuseCanceledSSCC -->
  <testcase classname="com.GSP.testobjects.GSPRegressionSuiteTest" name="submitND_BarcodeEnteredBeforeSSCC" time="0.0">
    <ignored/>
  </testcase> <!-- submitND_BarcodeEnteredBeforeSSCC -->
  <testcase classname="com.GSP.testobjects.GSPRegressionSuiteTest" name="submitMRD_blankAllFields" time="0.0">
    <ignored/>
  </testcase> <!-- submitMRD_blankAllFields -->
  <testcase classname="com.GSP.testobjects.GSPRegressionSuiteTest" name="submitMRD_blankDestinationSite" time="0.0">
    <ignored/>
  </testcase> <!-- submitMRD_blankDestinationSite -->
  <testcase classname="com.GSP.testobjects.GSPRegressionSuiteTest" name="submitMRD_invalidSSCCLessThan18Digit" time="0.0">
    <ignored/>
  </testcase> <!-- submitMRD_invalidSSCCLessThan18Digit -->
  <testcase classname="com.GSP.testobjects.GSPRegressionSuiteTest" name="ndSearchWithResult" time="0.0">
    <ignored/>
  </testcase> <!-- ndSearchWithResult -->
  <testcase classname="com.GSP.testobjects.GSPRegressionSuiteTest" name="submitDeliveryConfirmation_soiled" time="0.0">
    <ignored/>
  </testcase> <!-- submitDeliveryConfirmation_soiled -->
  <testcase classname="com.GSP.testobjects.GSPRegressionSuiteTest" name="openDeliveryConfirmationScreen" time="0.0">
    <ignored/>
  </testcase> <!-- openDeliveryConfirmationScreen -->
  <testcase classname="com.GSP.testobjects.GSPRegressionSuiteTest" name="submitND_blankAllFields" time="0.0">
    <ignored/>
  </testcase> <!-- submitND_blankAllFields -->
  <testcase classname="com.GSP.testobjects.GSPRegressionSuiteTest" name="submitND_blankSSCCNumber" time="0.0">
    <ignored/>
  </testcase> <!-- submitND_blankSSCCNumber -->
  <testcase classname="com.GSP.testobjects.GSPRegressionSuiteTest" name="mrdSearchWithResult" time="0.0">
    <ignored/>
  </testcase> <!-- mrdSearchWithResult -->
  <testcase classname="com.GSP.testobjects.GSPRegressionSuiteTest" name="submitND_invalidSSCCLessThan18Digit" time="0.0">
    <ignored/>
  </testcase> <!-- submitND_invalidSSCCLessThan18Digit -->
  <testcase classname="com.GSP.testobjects.GSPRegressionSuiteTest" name="submitDeliveryConfirmation_blankAllFields" time="0.0">
    <ignored/>
  </testcase> <!-- submitDeliveryConfirmation_blankAllFields -->
  <testcase classname="com.GSP.testobjects.GSPRegressionSuiteTest" name="submitND_saveConfirmRequest" time="0.0">
    <ignored/>
  </testcase> <!-- submitND_saveConfirmRequest -->
  <testcase classname="com.GSP.testobjects.GSPRegressionSuiteTest" name="submitDeliveryConfirmation_blankAWB" time="0.0">
    <ignored/>
  </testcase> <!-- submitDeliveryConfirmation_blankAWB -->
  <testcase classname="com.GSP.testobjects.GSPRegressionSuiteTest" name="openTransNoDocumentDelivery" time="0.0">
    <ignored/>
  </testcase> <!-- openTransNoDocumentDelivery -->
  <testcase classname="com.GSP.testobjects.GSPRegressionSuiteTest" name="submitMRD_blankDeliveryNumber" time="0.0">
    <ignored/>
  </testcase> <!-- submitMRD_blankDeliveryNumber -->
  <testcase classname="com.GSP.testobjects.GSPRegressionSuiteTest" name="cancelNDRequest" time="0.0">
    <ignored/>
  </testcase> <!-- cancelNDRequest -->
  <testcase classname="com.GSP.testobjects.GSPRegressionSuiteTest" name="submitDeliveryConfirmation_undelivered" time="0.0">
    <ignored/>
  </testcase> <!-- submitDeliveryConfirmation_undelivered -->
  <testcase classname="com.GSP.testobjects.GSPRegressionSuiteTest" name="submitDeliveryConfirmation_damaged" time="0.0">
    <ignored/>
  </testcase> <!-- submitDeliveryConfirmation_damaged -->
  <testcase classname="com.GSP.testobjects.GSPRegressionSuiteTest" name="submitDeliveryConfirmation_blankForwarder" time="0.0">
    <ignored/>
  </testcase> <!-- submitDeliveryConfirmation_blankForwarder -->
  <testcase classname="com.GSP.testobjects.GSPRegressionSuiteTest" name="submitMRD_emptyBarCode" time="0.0">
    <ignored/>
  </testcase> <!-- submitMRD_emptyBarCode -->
  <testcase classname="com.GSP.testobjects.GSPRegressionSuiteTest" name="ndSearchNoResult" time="0.0">
    <ignored/>
  </testcase> <!-- ndSearchNoResult -->
  <testcase classname="com.GSP.testobjects.GSPRegressionSuiteTest" name="openCreateNewMRD" time="0.0">
    <ignored/>
  </testcase> <!-- openCreateNewMRD -->
  <testcase classname="com.GSP.testobjects.GSPRegressionSuiteTest" name="submitMRD_saveConfirmRequest" time="0.0">
    <ignored/>
  </testcase> <!-- submitMRD_saveConfirmRequest -->
  <testcase classname="com.GSP.testobjects.GSPRegressionSuiteTest" name="submitND_blankDeliveryNumber" time="0.0">
    <ignored/>
  </testcase> <!-- submitND_blankDeliveryNumber -->
  <testcase classname="com.GSP.testobjects.GSPRegressionSuiteTest" name="submitMRD_BarcodeEnteredBeforeDestinationSite" time="0.0">
    <ignored/>
  </testcase> <!-- submitMRD_BarcodeEnteredBeforeDestinationSite -->
  <testcase classname="com.GSP.testobjects.GSPRegressionSuiteTest" name="submitMRD_mrdAlreadyExist" time="0.0">
    <ignored/>
  </testcase> <!-- submitMRD_mrdAlreadyExist -->
  <testcase classname="com.GSP.testobjects.GSPRegressionSuiteTest" name="openCreateNewND" time="0.0">
    <ignored/>
  </testcase> <!-- openCreateNewND -->
  <testcase classname="com.GSP.testobjects.GSPRegressionSuiteTest" name="submitDeliveryConfirmation_invalidbarCode" time="0.0">
    <ignored/>
  </testcase> <!-- submitDeliveryConfirmation_invalidbarCode -->
  <testcase classname="com.GSP.testobjects.GSPRegressionSuiteTest" name="submitND_blankDestinationSite" time="0.0">
    <ignored/>
  </testcase> <!-- submitND_blankDestinationSite -->
  <testcase classname="com.GSP.testobjects.GSPRegressionSuiteTest" name="submitMRD_BarcodeEnteredBeforeSSCC" time="0.0">
    <ignored/>
  </testcase> <!-- submitMRD_BarcodeEnteredBeforeSSCC -->
</testsuite> <!-- Misrouted Delivery -->
