<?xml version="1.0" encoding="UTF-8"?>
<!-- Generated by org.testng.reporters.JUnitXMLReporter -->
<testsuite ignored="0" hostname="ASUS-Strix-G513QC-HN160T-BSA" failures="1" tests="2" name="Training Order Creation - P-BTQ SM CITY ILOILO" time="519.998" errors="0" timestamp="15 Aug 2022 02:08:48 GMT">
  <testcase classname="com.Shopify.testobjects.TrainingOrderCreationTest" name="openLoginPage" time="28.09">
    <failure type="java.lang.AssertionError" message="expected [pass] but found [fail]">
      <![CDATA[java.lang.AssertionError: expected [pass] but found [fail]
	at com.Shopify.testobjects.TrainingOrderCreationTest.openLoginPage(TrainingOrderCreationTest.java:106)
	at com.Shopify.testobjects.TrainingOrderCreationTest.openLoginPage(TrainingOrderCreationTest.java:102)
	at com.Shopify.testobjects.TrainingOrderCreationTest.openLoginPage(TrainingOrderCreationTest.java:102)
	at java.base/java.util.concurrent.FutureTask.run(FutureTask.java:264)
	at java.base/java.util.concurrent.ThreadPoolExecutor.runWorker(ThreadPoolExecutor.java:1136)
	at java.base/java.util.concurrent.ThreadPoolExecutor$Worker.run(ThreadPoolExecutor.java:635)
	at java.base/java.lang.Thread.run(Thread.java:833)
... Removed 21 stack frames]]>
    </failure>
  </testcase> <!-- openLoginPage -->
  <testcase classname="com.Shopify.testobjects.TrainingOrderCreationTest" name="createTrainingOrders" time="491.372"/>
</testsuite> <!-- Training Order Creation - P-BTQ SM CITY ILOILO -->
