<?xml version="1.0" encoding="UTF-8"?>
<!-- Generated by org.testng.reporters.JUnitXMLReporter -->
<testsuite ignored="2" hostname="ITSD-NB-029754" failures="2" tests="2" name="Shopify Create BOPIS_WH Fulfilled" time="2.64" errors="0" timestamp="20 Feb 2023 03:10:39 GMT">
  <testcase classname="com.Shopify.testobjects.ShopifyTest" name="openLoginPage" time="1.88">
    <failure type="java.lang.AssertionError" message="expected [pass] but found [fail]">
      <![CDATA[java.lang.AssertionError: expected [pass] but found [fail]
	at com.Shopify.testobjects.ShopifyTest.openLoginPage(ShopifyTest.java:124)
	at java.base/java.util.concurrent.FutureTask.run(FutureTask.java:264)
	at java.base/java.util.concurrent.ThreadPoolExecutor.runWorker(ThreadPoolExecutor.java:1136)
	at java.base/java.util.concurrent.ThreadPoolExecutor$Worker.run(ThreadPoolExecutor.java:635)
	at java.base/java.lang.Thread.run(Thread.java:833)
... Removed 19 stack frames]]>
    </failure>
  </testcase> <!-- openLoginPage -->
  <testcase classname="com.Shopify.testobjects.ShopifyTest" name="createOrder_BOPIS_WH" time="0.035">
    <failure type="java.lang.AssertionError" message="expected [pass] but found [fail]">
      <![CDATA[java.lang.AssertionError: expected [pass] but found [fail]
	at com.Shopify.testobjects.ShopifyTest.createOrder_BOPIS(ShopifyTest.java:705)
	at com.Shopify.testobjects.ShopifyTest.createOrder_BOPIS_WH(ShopifyTest.java:241)
	at java.base/java.util.concurrent.FutureTask.run(FutureTask.java:264)
	at java.base/java.util.concurrent.ThreadPoolExecutor.runWorker(ThreadPoolExecutor.java:1136)
	at java.base/java.util.concurrent.ThreadPoolExecutor$Worker.run(ThreadPoolExecutor.java:635)
	at java.base/java.lang.Thread.run(Thread.java:833)
... Removed 19 stack frames]]>
    </failure>
  </testcase> <!-- createOrder_BOPIS_WH -->
  <testcase classname="com.Shopify.testobjects.ShopifyTest" name="createOrder_BOPIS_Store" time="0.0">
    <ignored/>
  </testcase> <!-- createOrder_BOPIS_Store -->
  <testcase classname="com.Shopify.testobjects.ShopifyTest" name="createOrder_BOSTC_WH" time="0.0">
    <ignored/>
  </testcase> <!-- createOrder_BOSTC_WH -->
</testsuite> <!-- Shopify Create BOPIS_WH Fulfilled -->
